<?xml version="1.0" encoding="UTF-8"?>
<testng-results ignored="0" total="1" passed="1" failed="0" skipped="0">
  <reporter-output>
  </reporter-output>
  <suite started-at="2023-01-20T11:27:46 IST" name="Default suite" finished-at="2023-01-20T11:28:04 IST" duration-ms="18222">
    <groups>
    </groups>
    <test started-at="2023-01-20T11:27:46 IST" name="Default test" finished-at="2023-01-20T11:28:04 IST" duration-ms="18222">
      <class name="com.testNG.Assignment2">
        <test-method is-config="true" signature="initializeBrowser()[pri:0, instance:com.testNG.Assignment2@51e69659]" started-at="2023-01-20T11:27:46 IST" name="initializeBrowser" finished-at="2023-01-20T11:28:00 IST" duration-ms="13806" status="PASS">
          <reporter-output>
          </reporter-output>
        </test-method> <!-- initializeBrowser -->
        <test-method signature="signupInvalid()[pri:0, instance:com.testNG.Assignment2@51e69659]" started-at="2023-01-20T11:28:00 IST" name="signupInvalid" finished-at="2023-01-20T11:28:04 IST" duration-ms="4262" status="PASS">
          <reporter-output>
          </reporter-output>
        </test-method> <!-- signupInvalid -->
      </class> <!-- com.testNG.Assignment2 -->
    </test> <!-- Default test -->
  </suite> <!-- Default suite -->
</testng-results>
